The system is: Linux - 5.11.0-27-generic - x86_64
Compiling the C compiler identification source file "CMakeCCompilerId.c" succeeded.
Compiler: /home/seal12/Downloads/clang+llvm-5.0.0-linux-x86_64-ubuntu16.04/bin/clang 
Build flags: 
Id flags:  

The output was:
0


Compilation of the C compiler identification source "CMakeCCompilerId.c" produced "a.out"

The C compiler identification is Clang, found in "/home/seal12/Downloads/code-imitator-master/src/LibToolingAST/cmake-build-release/CMakeFiles/3.20.2/CompilerIdC/a.out"

Compiling the CXX compiler identification source file "CMakeCXXCompilerId.cpp" succeeded.
Compiler: /home/seal12/Downloads/clang+llvm-5.0.0-linux-x86_64-ubuntu16.04/bin/clang++ 
Build flags: 
Id flags:  

The output was:
0


Compilation of the CXX compiler identification source "CMakeCXXCompilerId.cpp" produced "a.out"

The CXX compiler identification is Clang, found in "/home/seal12/Downloads/code-imitator-master/src/LibToolingAST/cmake-build-release/CMakeFiles/3.20.2/CompilerIdCXX/a.out"

Detecting C compiler ABI info compiled with the following output:
Change Dir: /home/seal12/Downloads/code-imitator-master/src/LibToolingAST/cmake-build-release/CMakeFiles/CMakeTmp

Run Build Command(s):/usr/bin/make -f Makefile cmTC_e3b5b/fast && /usr/bin/make  -f CMakeFiles/cmTC_e3b5b.dir/build.make CMakeFiles/cmTC_e3b5b.dir/build
make[1]: Entering directory '/home/seal12/Downloads/code-imitator-master/src/LibToolingAST/cmake-build-release/CMakeFiles/CMakeTmp'
Building C object CMakeFiles/cmTC_e3b5b.dir/CMakeCCompilerABI.c.o
/home/seal12/Downloads/clang+llvm-5.0.0-linux-x86_64-ubuntu16.04/bin/clang   -v -MD -MT CMakeFiles/cmTC_e3b5b.dir/CMakeCCompilerABI.c.o -MF CMakeFiles/cmTC_e3b5b.dir/CMakeCCompilerABI.c.o.d -o CMakeFiles/cmTC_e3b5b.dir/CMakeCCompilerABI.c.o -c /home/seal12/.local/share/JetBrains/Toolbox/apps/CLion/ch-0/212.5284.51/bin/cmake/linux/share/cmake-3.20/Modules/CMakeCCompilerABI.c
clang version 5.0.0 (tags/RELEASE_500/final)
Target: x86_64-unknown-linux-gnu
Thread model: posix
InstalledDir: /home/seal12/Downloads/clang+llvm-5.0.0-linux-x86_64-ubuntu16.04/bin
Found candidate GCC installation: /usr/lib/gcc/x86_64-linux-gnu/8
Found candidate GCC installation: /usr/lib/gcc/x86_64-linux-gnu/9
Selected GCC installation: /usr/lib/gcc/x86_64-linux-gnu/9
Candidate multilib: .;@m64
Candidate multilib: 32;@m32
Candidate multilib: x32;@mx32
Selected multilib: .;@m64
Found CUDA installation: /usr/local/cuda, version 7.0
 "/home/seal12/Downloads/clang+llvm-5.0.0-linux-x86_64-ubuntu16.04/bin/clang-5.0" -cc1 -triple x86_64-unknown-linux-gnu -emit-obj -mrelax-all -disable-free -disable-llvm-verifier -discard-value-names -main-file-name CMakeCCompilerABI.c -mrelocation-model static -mthread-model posix -mdisable-fp-elim -fmath-errno -masm-verbose -mconstructor-aliases -munwind-tables -fuse-init-array -target-cpu x86-64 -v -dwarf-column-info -debugger-tuning=gdb -coverage-notes-file /home/seal12/Downloads/code-imitator-master/src/LibToolingAST/cmake-build-release/CMakeFiles/CMakeTmp/CMakeFiles/cmTC_e3b5b.dir/CMakeCCompilerABI.c.gcno -resource-dir /home/seal12/Downloads/clang+llvm-5.0.0-linux-x86_64-ubuntu16.04/lib/clang/5.0.0 -dependency-file CMakeFiles/cmTC_e3b5b.dir/CMakeCCompilerABI.c.o.d -sys-header-deps -MT CMakeFiles/cmTC_e3b5b.dir/CMakeCCompilerABI.c.o -internal-isystem /usr/local/include -internal-isystem /home/seal12/Downloads/clang+llvm-5.0.0-linux-x86_64-ubuntu16.04/lib/clang/5.0.0/include -internal-externc-isystem /usr/include/x86_64-linux-gnu -internal-externc-isystem /include -internal-externc-isystem /usr/include -fdebug-compilation-dir /home/seal12/Downloads/code-imitator-master/src/LibToolingAST/cmake-build-release/CMakeFiles/CMakeTmp -ferror-limit 19 -fmessage-length 0 -fobjc-runtime=gcc -fdiagnostics-show-option -o CMakeFiles/cmTC_e3b5b.dir/CMakeCCompilerABI.c.o -x c /home/seal12/.local/share/JetBrains/Toolbox/apps/CLion/ch-0/212.5284.51/bin/cmake/linux/share/cmake-3.20/Modules/CMakeCCompilerABI.c
clang -cc1 version 5.0.0 based upon LLVM 5.0.0 default target x86_64-unknown-linux-gnu
ignoring nonexistent directory "/include"
#include "..." search starts here:
#include <...> search starts here:
 /usr/local/include
 /home/seal12/Downloads/clang+llvm-5.0.0-linux-x86_64-ubuntu16.04/lib/clang/5.0.0/include
 /usr/include/x86_64-linux-gnu
 /usr/include
End of search list.
Linking C executable cmTC_e3b5b
/home/seal12/.local/share/JetBrains/Toolbox/apps/CLion/ch-0/212.5284.51/bin/cmake/linux/bin/cmake -E cmake_link_script CMakeFiles/cmTC_e3b5b.dir/link.txt --verbose=1
/home/seal12/Downloads/clang+llvm-5.0.0-linux-x86_64-ubuntu16.04/bin/clang  -v CMakeFiles/cmTC_e3b5b.dir/CMakeCCompilerABI.c.o -o cmTC_e3b5b 
clang version 5.0.0 (tags/RELEASE_500/final)
Target: x86_64-unknown-linux-gnu
Thread model: posix
InstalledDir: /home/seal12/Downloads/clang+llvm-5.0.0-linux-x86_64-ubuntu16.04/bin
Found candidate GCC installation: /usr/lib/gcc/x86_64-linux-gnu/8
Found candidate GCC installation: /usr/lib/gcc/x86_64-linux-gnu/9
Selected GCC installation: /usr/lib/gcc/x86_64-linux-gnu/9
Candidate multilib: .;@m64
Candidate multilib: 32;@m32
Candidate multilib: x32;@mx32
Selected multilib: .;@m64
Found CUDA installation: /usr/local/cuda, version 7.0
 "/usr/bin/ld" --eh-frame-hdr -m elf_x86_64 -dynamic-linker /lib64/ld-linux-x86-64.so.2 -o cmTC_e3b5b /usr/lib/gcc/x86_64-linux-gnu/9/../../../x86_64-linux-gnu/crt1.o /usr/lib/gcc/x86_64-linux-gnu/9/../../../x86_64-linux-gnu/crti.o /usr/lib/gcc/x86_64-linux-gnu/9/crtbegin.o -L/usr/lib/gcc/x86_64-linux-gnu/9 -L/usr/lib/gcc/x86_64-linux-gnu/9/../../../x86_64-linux-gnu -L/usr/lib/gcc/x86_64-linux-gnu/9/../../../../lib64 -L/lib/x86_64-linux-gnu -L/lib/../lib64 -L/usr/lib/x86_64-linux-gnu -L/usr/lib/../lib64 -L/usr/lib/x86_64-linux-gnu/../../lib64 -L/usr/lib/gcc/x86_64-linux-gnu/9/../../.. -L/home/seal12/Downloads/clang+llvm-5.0.0-linux-x86_64-ubuntu16.04/bin/../lib -L/lib -L/usr/lib CMakeFiles/cmTC_e3b5b.dir/CMakeCCompilerABI.c.o -lgcc --as-needed -lgcc_s --no-as-needed -lc -lgcc --as-needed -lgcc_s --no-as-needed /usr/lib/gcc/x86_64-linux-gnu/9/crtend.o /usr/lib/gcc/x86_64-linux-gnu/9/../../../x86_64-linux-gnu/crtn.o
make[1]: Leaving directory '/home/seal12/Downloads/code-imitator-master/src/LibToolingAST/cmake-build-release/CMakeFiles/CMakeTmp'



Parsed C implicit include dir info from above output: rv=done
  found start of include info
  found start of implicit include info
    add: [/usr/local/include]
    add: [/home/seal12/Downloads/clang+llvm-5.0.0-linux-x86_64-ubuntu16.04/lib/clang/5.0.0/include]
    add: [/usr/include/x86_64-linux-gnu]
    add: [/usr/include]
  end of search list found
  collapse include dir [/usr/local/include] ==> [/usr/local/include]
  collapse include dir [/home/seal12/Downloads/clang+llvm-5.0.0-linux-x86_64-ubuntu16.04/lib/clang/5.0.0/include] ==> [/home/seal12/Downloads/clang+llvm-5.0.0-linux-x86_64-ubuntu16.04/lib/clang/5.0.0/include]
  collapse include dir [/usr/include/x86_64-linux-gnu] ==> [/usr/include/x86_64-linux-gnu]
  collapse include dir [/usr/include] ==> [/usr/include]
  implicit include dirs: [/usr/local/include;/home/seal12/Downloads/clang+llvm-5.0.0-linux-x86_64-ubuntu16.04/lib/clang/5.0.0/include;/usr/include/x86_64-linux-gnu;/usr/include]


Parsed C implicit link information from above output:
  link line regex: [^( *|.*[/\])(ld|CMAKE_LINK_STARTFILE-NOTFOUND|([^/\]+-)?ld|collect2)[^/\]*( |$)]
  ignore line: [Change Dir: /home/seal12/Downloads/code-imitator-master/src/LibToolingAST/cmake-build-release/CMakeFiles/CMakeTmp]
  ignore line: []
  ignore line: [Run Build Command(s):/usr/bin/make -f Makefile cmTC_e3b5b/fast && /usr/bin/make  -f CMakeFiles/cmTC_e3b5b.dir/build.make CMakeFiles/cmTC_e3b5b.dir/build]
  ignore line: [make[1]: Entering directory '/home/seal12/Downloads/code-imitator-master/src/LibToolingAST/cmake-build-release/CMakeFiles/CMakeTmp']
  ignore line: [Building C object CMakeFiles/cmTC_e3b5b.dir/CMakeCCompilerABI.c.o]
  ignore line: [/home/seal12/Downloads/clang+llvm-5.0.0-linux-x86_64-ubuntu16.04/bin/clang   -v -MD -MT CMakeFiles/cmTC_e3b5b.dir/CMakeCCompilerABI.c.o -MF CMakeFiles/cmTC_e3b5b.dir/CMakeCCompilerABI.c.o.d -o CMakeFiles/cmTC_e3b5b.dir/CMakeCCompilerABI.c.o -c /home/seal12/.local/share/JetBrains/Toolbox/apps/CLion/ch-0/212.5284.51/bin/cmake/linux/share/cmake-3.20/Modules/CMakeCCompilerABI.c]
  ignore line: [clang version 5.0.0 (tags/RELEASE_500/final)]
  ignore line: [Target: x86_64-unknown-linux-gnu]
  ignore line: [Thread model: posix]
  ignore line: [InstalledDir: /home/seal12/Downloads/clang+llvm-5.0.0-linux-x86_64-ubuntu16.04/bin]
  ignore line: [Found candidate GCC installation: /usr/lib/gcc/x86_64-linux-gnu/8]
  ignore line: [Found candidate GCC installation: /usr/lib/gcc/x86_64-linux-gnu/9]
  ignore line: [Selected GCC installation: /usr/lib/gcc/x86_64-linux-gnu/9]
  ignore line: [Candidate multilib: .]
  ignore line: [@m64]
  ignore line: [Candidate multilib: 32]
  ignore line: [@m32]
  ignore line: [Candidate multilib: x32]
  ignore line: [@mx32]
  ignore line: [Selected multilib: .]
  ignore line: [@m64]
  ignore line: [Found CUDA installation: /usr/local/cuda  version 7.0]
  ignore line: [ "/home/seal12/Downloads/clang+llvm-5.0.0-linux-x86_64-ubuntu16.04/bin/clang-5.0" -cc1 -triple x86_64-unknown-linux-gnu -emit-obj -mrelax-all -disable-free -disable-llvm-verifier -discard-value-names -main-file-name CMakeCCompilerABI.c -mrelocation-model static -mthread-model posix -mdisable-fp-elim -fmath-errno -masm-verbose -mconstructor-aliases -munwind-tables -fuse-init-array -target-cpu x86-64 -v -dwarf-column-info -debugger-tuning=gdb -coverage-notes-file /home/seal12/Downloads/code-imitator-master/src/LibToolingAST/cmake-build-release/CMakeFiles/CMakeTmp/CMakeFiles/cmTC_e3b5b.dir/CMakeCCompilerABI.c.gcno -resource-dir /home/seal12/Downloads/clang+llvm-5.0.0-linux-x86_64-ubuntu16.04/lib/clang/5.0.0 -dependency-file CMakeFiles/cmTC_e3b5b.dir/CMakeCCompilerABI.c.o.d -sys-header-deps -MT CMakeFiles/cmTC_e3b5b.dir/CMakeCCompilerABI.c.o -internal-isystem /usr/local/include -internal-isystem /home/seal12/Downloads/clang+llvm-5.0.0-linux-x86_64-ubuntu16.04/lib/clang/5.0.0/include -internal-externc-isystem /usr/include/x86_64-linux-gnu -internal-externc-isystem /include -internal-externc-isystem /usr/include -fdebug-compilation-dir /home/seal12/Downloads/code-imitator-master/src/LibToolingAST/cmake-build-release/CMakeFiles/CMakeTmp -ferror-limit 19 -fmessage-length 0 -fobjc-runtime=gcc -fdiagnostics-show-option -o CMakeFiles/cmTC_e3b5b.dir/CMakeCCompilerABI.c.o -x c /home/seal12/.local/share/JetBrains/Toolbox/apps/CLion/ch-0/212.5284.51/bin/cmake/linux/share/cmake-3.20/Modules/CMakeCCompilerABI.c]
  ignore line: [clang -cc1 version 5.0.0 based upon LLVM 5.0.0 default target x86_64-unknown-linux-gnu]
  ignore line: [ignoring nonexistent directory "/include"]
  ignore line: [#include "..." search starts here:]
  ignore line: [#include <...> search starts here:]
  ignore line: [ /usr/local/include]
  ignore line: [ /home/seal12/Downloads/clang+llvm-5.0.0-linux-x86_64-ubuntu16.04/lib/clang/5.0.0/include]
  ignore line: [ /usr/include/x86_64-linux-gnu]
  ignore line: [ /usr/include]
  ignore line: [End of search list.]
  ignore line: [Linking C executable cmTC_e3b5b]
  ignore line: [/home/seal12/.local/share/JetBrains/Toolbox/apps/CLion/ch-0/212.5284.51/bin/cmake/linux/bin/cmake -E cmake_link_script CMakeFiles/cmTC_e3b5b.dir/link.txt --verbose=1]
  ignore line: [/home/seal12/Downloads/clang+llvm-5.0.0-linux-x86_64-ubuntu16.04/bin/clang  -v CMakeFiles/cmTC_e3b5b.dir/CMakeCCompilerABI.c.o -o cmTC_e3b5b ]
  ignore line: [clang version 5.0.0 (tags/RELEASE_500/final)]
  ignore line: [Target: x86_64-unknown-linux-gnu]
  ignore line: [Thread model: posix]
  ignore line: [InstalledDir: /home/seal12/Downloads/clang+llvm-5.0.0-linux-x86_64-ubuntu16.04/bin]
  ignore line: [Found candidate GCC installation: /usr/lib/gcc/x86_64-linux-gnu/8]
  ignore line: [Found candidate GCC installation: /usr/lib/gcc/x86_64-linux-gnu/9]
  ignore line: [Selected GCC installation: /usr/lib/gcc/x86_64-linux-gnu/9]
  ignore line: [Candidate multilib: .]
  ignore line: [@m64]
  ignore line: [Candidate multilib: 32]
  ignore line: [@m32]
  ignore line: [Candidate multilib: x32]
  ignore line: [@mx32]
  ignore line: [Selected multilib: .]
  ignore line: [@m64]
  ignore line: [Found CUDA installation: /usr/local/cuda  version 7.0]
  link line: [ "/usr/bin/ld" --eh-frame-hdr -m elf_x86_64 -dynamic-linker /lib64/ld-linux-x86-64.so.2 -o cmTC_e3b5b /usr/lib/gcc/x86_64-linux-gnu/9/../../../x86_64-linux-gnu/crt1.o /usr/lib/gcc/x86_64-linux-gnu/9/../../../x86_64-linux-gnu/crti.o /usr/lib/gcc/x86_64-linux-gnu/9/crtbegin.o -L/usr/lib/gcc/x86_64-linux-gnu/9 -L/usr/lib/gcc/x86_64-linux-gnu/9/../../../x86_64-linux-gnu -L/usr/lib/gcc/x86_64-linux-gnu/9/../../../../lib64 -L/lib/x86_64-linux-gnu -L/lib/../lib64 -L/usr/lib/x86_64-linux-gnu -L/usr/lib/../lib64 -L/usr/lib/x86_64-linux-gnu/../../lib64 -L/usr/lib/gcc/x86_64-linux-gnu/9/../../.. -L/home/seal12/Downloads/clang+llvm-5.0.0-linux-x86_64-ubuntu16.04/bin/../lib -L/lib -L/usr/lib CMakeFiles/cmTC_e3b5b.dir/CMakeCCompilerABI.c.o -lgcc --as-needed -lgcc_s --no-as-needed -lc -lgcc --as-needed -lgcc_s --no-as-needed /usr/lib/gcc/x86_64-linux-gnu/9/crtend.o /usr/lib/gcc/x86_64-linux-gnu/9/../../../x86_64-linux-gnu/crtn.o]
    arg [/usr/bin/ld] ==> ignore
    arg [--eh-frame-hdr] ==> ignore
    arg [-m] ==> ignore
    arg [elf_x86_64] ==> ignore
    arg [-dynamic-linker] ==> ignore
    arg [/lib64/ld-linux-x86-64.so.2] ==> ignore
    arg [-o] ==> ignore
    arg [cmTC_e3b5b] ==> ignore
    arg [/usr/lib/gcc/x86_64-linux-gnu/9/../../../x86_64-linux-gnu/crt1.o] ==> obj [/usr/lib/gcc/x86_64-linux-gnu/9/../../../x86_64-linux-gnu/crt1.o]
    arg [/usr/lib/gcc/x86_64-linux-gnu/9/../../../x86_64-linux-gnu/crti.o] ==> obj [/usr/lib/gcc/x86_64-linux-gnu/9/../../../x86_64-linux-gnu/crti.o]
    arg [/usr/lib/gcc/x86_64-linux-gnu/9/crtbegin.o] ==> obj [/usr/lib/gcc/x86_64-linux-gnu/9/crtbegin.o]
    arg [-L/usr/lib/gcc/x86_64-linux-gnu/9] ==> dir [/usr/lib/gcc/x86_64-linux-gnu/9]
    arg [-L/usr/lib/gcc/x86_64-linux-gnu/9/../../../x86_64-linux-gnu] ==> dir [/usr/lib/gcc/x86_64-linux-gnu/9/../../../x86_64-linux-gnu]
    arg [-L/usr/lib/gcc/x86_64-linux-gnu/9/../../../../lib64] ==> dir [/usr/lib/gcc/x86_64-linux-gnu/9/../../../../lib64]
    arg [-L/lib/x86_64-linux-gnu] ==> dir [/lib/x86_64-linux-gnu]
    arg [-L/lib/../lib64] ==> dir [/lib/../lib64]
    arg [-L/usr/lib/x86_64-linux-gnu] ==> dir [/usr/lib/x86_64-linux-gnu]
    arg [-L/usr/lib/../lib64] ==> dir [/usr/lib/../lib64]
    arg [-L/usr/lib/x86_64-linux-gnu/../../lib64] ==> dir [/usr/lib/x86_64-linux-gnu/../../lib64]
    arg [-L/usr/lib/gcc/x86_64-linux-gnu/9/../../..] ==> dir [/usr/lib/gcc/x86_64-linux-gnu/9/../../..]
    arg [-L/home/seal12/Downloads/clang+llvm-5.0.0-linux-x86_64-ubuntu16.04/bin/../lib] ==> dir [/home/seal12/Downloads/clang+llvm-5.0.0-linux-x86_64-ubuntu16.04/bin/../lib]
    arg [-L/lib] ==> dir [/lib]
    arg [-L/usr/lib] ==> dir [/usr/lib]
    arg [CMakeFiles/cmTC_e3b5b.dir/CMakeCCompilerABI.c.o] ==> ignore
    arg [-lgcc] ==> lib [gcc]
    arg [--as-needed] ==> ignore
    arg [-lgcc_s] ==> lib [gcc_s]
    arg [--no-as-needed] ==> ignore
    arg [-lc] ==> lib [c]
    arg [-lgcc] ==> lib [gcc]
    arg [--as-needed] ==> ignore
    arg [-lgcc_s] ==> lib [gcc_s]
    arg [--no-as-needed] ==> ignore
    arg [/usr/lib/gcc/x86_64-linux-gnu/9/crtend.o] ==> obj [/usr/lib/gcc/x86_64-linux-gnu/9/crtend.o]
    arg [/usr/lib/gcc/x86_64-linux-gnu/9/../../../x86_64-linux-gnu/crtn.o] ==> obj [/usr/lib/gcc/x86_64-linux-gnu/9/../../../x86_64-linux-gnu/crtn.o]
  collapse obj [/usr/lib/gcc/x86_64-linux-gnu/9/../../../x86_64-linux-gnu/crt1.o] ==> [/usr/lib/x86_64-linux-gnu/crt1.o]
  collapse obj [/usr/lib/gcc/x86_64-linux-gnu/9/../../../x86_64-linux-gnu/crti.o] ==> [/usr/lib/x86_64-linux-gnu/crti.o]
  collapse obj [/usr/lib/gcc/x86_64-linux-gnu/9/../../../x86_64-linux-gnu/crtn.o] ==> [/usr/lib/x86_64-linux-gnu/crtn.o]
  collapse library dir [/usr/lib/gcc/x86_64-linux-gnu/9] ==> [/usr/lib/gcc/x86_64-linux-gnu/9]
  collapse library dir [/usr/lib/gcc/x86_64-linux-gnu/9/../../../x86_64-linux-gnu] ==> [/usr/lib/x86_64-linux-gnu]
  collapse library dir [/usr/lib/gcc/x86_64-linux-gnu/9/../../../../lib64] ==> [/usr/lib64]
  collapse library dir [/lib/x86_64-linux-gnu] ==> [/lib/x86_64-linux-gnu]
  collapse library dir [/lib/../lib64] ==> [/lib64]
  collapse library dir [/usr/lib/x86_64-linux-gnu] ==> [/usr/lib/x86_64-linux-gnu]
  collapse library dir [/usr/lib/../lib64] ==> [/usr/lib64]
  collapse library dir [/usr/lib/x86_64-linux-gnu/../../lib64] ==> [/usr/lib64]
  collapse library dir [/usr/lib/gcc/x86_64-linux-gnu/9/../../..] ==> [/usr/lib]
  collapse library dir [/home/seal12/Downloads/clang+llvm-5.0.0-linux-x86_64-ubuntu16.04/bin/../lib] ==> [/home/seal12/Downloads/clang+llvm-5.0.0-linux-x86_64-ubuntu16.04/lib]
  collapse library dir [/lib] ==> [/lib]
  collapse library dir [/usr/lib] ==> [/usr/lib]
  implicit libs: [gcc;gcc_s;c;gcc;gcc_s]
  implicit objs: [/usr/lib/x86_64-linux-gnu/crt1.o;/usr/lib/x86_64-linux-gnu/crti.o;/usr/lib/gcc/x86_64-linux-gnu/9/crtbegin.o;/usr/lib/gcc/x86_64-linux-gnu/9/crtend.o;/usr/lib/x86_64-linux-gnu/crtn.o]
  implicit dirs: [/usr/lib/gcc/x86_64-linux-gnu/9;/usr/lib/x86_64-linux-gnu;/usr/lib64;/lib/x86_64-linux-gnu;/lib64;/usr/lib;/home/seal12/Downloads/clang+llvm-5.0.0-linux-x86_64-ubuntu16.04/lib;/lib]
  implicit fwks: []


Detecting CXX compiler ABI info compiled with the following output:
Change Dir: /home/seal12/Downloads/code-imitator-master/src/LibToolingAST/cmake-build-release/CMakeFiles/CMakeTmp

Run Build Command(s):/usr/bin/make -f Makefile cmTC_ebe57/fast && /usr/bin/make  -f CMakeFiles/cmTC_ebe57.dir/build.make CMakeFiles/cmTC_ebe57.dir/build
make[1]: Entering directory '/home/seal12/Downloads/code-imitator-master/src/LibToolingAST/cmake-build-release/CMakeFiles/CMakeTmp'
Building CXX object CMakeFiles/cmTC_ebe57.dir/CMakeCXXCompilerABI.cpp.o
/home/seal12/Downloads/clang+llvm-5.0.0-linux-x86_64-ubuntu16.04/bin/clang++   -v -MD -MT CMakeFiles/cmTC_ebe57.dir/CMakeCXXCompilerABI.cpp.o -MF CMakeFiles/cmTC_ebe57.dir/CMakeCXXCompilerABI.cpp.o.d -o CMakeFiles/cmTC_ebe57.dir/CMakeCXXCompilerABI.cpp.o -c /home/seal12/.local/share/JetBrains/Toolbox/apps/CLion/ch-0/212.5284.51/bin/cmake/linux/share/cmake-3.20/Modules/CMakeCXXCompilerABI.cpp
clang version 5.0.0 (tags/RELEASE_500/final)
Target: x86_64-unknown-linux-gnu
Thread model: posix
InstalledDir: /home/seal12/Downloads/clang+llvm-5.0.0-linux-x86_64-ubuntu16.04/bin
Found candidate GCC installation: /usr/lib/gcc/x86_64-linux-gnu/8
Found candidate GCC installation: /usr/lib/gcc/x86_64-linux-gnu/9
Selected GCC installation: /usr/lib/gcc/x86_64-linux-gnu/9
Candidate multilib: .;@m64
Candidate multilib: 32;@m32
Candidate multilib: x32;@mx32
Selected multilib: .;@m64
Found CUDA installation: /usr/local/cuda, version 7.0
 "/home/seal12/Downloads/clang+llvm-5.0.0-linux-x86_64-ubuntu16.04/bin/clang-5.0" -cc1 -triple x86_64-unknown-linux-gnu -emit-obj -mrelax-all -disable-free -disable-llvm-verifier -discard-value-names -main-file-name CMakeCXXCompilerABI.cpp -mrelocation-model static -mthread-model posix -mdisable-fp-elim -fmath-errno -masm-verbose -mconstructor-aliases -munwind-tables -fuse-init-array -target-cpu x86-64 -v -dwarf-column-info -debugger-tuning=gdb -coverage-notes-file /home/seal12/Downloads/code-imitator-master/src/LibToolingAST/cmake-build-release/CMakeFiles/CMakeTmp/CMakeFiles/cmTC_ebe57.dir/CMakeCXXCompilerABI.cpp.gcno -resource-dir /home/seal12/Downloads/clang+llvm-5.0.0-linux-x86_64-ubuntu16.04/lib/clang/5.0.0 -dependency-file CMakeFiles/cmTC_ebe57.dir/CMakeCXXCompilerABI.cpp.o.d -sys-header-deps -MT CMakeFiles/cmTC_ebe57.dir/CMakeCXXCompilerABI.cpp.o -internal-isystem /usr/lib/gcc/x86_64-linux-gnu/9/../../../../include/c++/9 -internal-isystem /usr/lib/gcc/x86_64-linux-gnu/9/../../../../include/x86_64-linux-gnu/c++/9 -internal-isystem /usr/lib/gcc/x86_64-linux-gnu/9/../../../../include/x86_64-linux-gnu/c++/9 -internal-isystem /usr/lib/gcc/x86_64-linux-gnu/9/../../../../include/c++/9/backward -internal-isystem /usr/local/include -internal-isystem /home/seal12/Downloads/clang+llvm-5.0.0-linux-x86_64-ubuntu16.04/lib/clang/5.0.0/include -internal-externc-isystem /usr/include/x86_64-linux-gnu -internal-externc-isystem /include -internal-externc-isystem /usr/include -fdeprecated-macro -fdebug-compilation-dir /home/seal12/Downloads/code-imitator-master/src/LibToolingAST/cmake-build-release/CMakeFiles/CMakeTmp -ferror-limit 19 -fmessage-length 0 -fobjc-runtime=gcc -fcxx-exceptions -fexceptions -fdiagnostics-show-option -o CMakeFiles/cmTC_ebe57.dir/CMakeCXXCompilerABI.cpp.o -x c++ /home/seal12/.local/share/JetBrains/Toolbox/apps/CLion/ch-0/212.5284.51/bin/cmake/linux/share/cmake-3.20/Modules/CMakeCXXCompilerABI.cpp
clang -cc1 version 5.0.0 based upon LLVM 5.0.0 default target x86_64-unknown-linux-gnu
ignoring nonexistent directory "/include"
ignoring duplicate directory "/usr/lib/gcc/x86_64-linux-gnu/9/../../../../include/x86_64-linux-gnu/c++/9"
#include "..." search starts here:
#include <...> search starts here:
 /usr/lib/gcc/x86_64-linux-gnu/9/../../../../include/c++/9
 /usr/lib/gcc/x86_64-linux-gnu/9/../../../../include/x86_64-linux-gnu/c++/9
 /usr/lib/gcc/x86_64-linux-gnu/9/../../../../include/c++/9/backward
 /usr/local/include
 /home/seal12/Downloads/clang+llvm-5.0.0-linux-x86_64-ubuntu16.04/lib/clang/5.0.0/include
 /usr/include/x86_64-linux-gnu
 /usr/include
End of search list.
Linking CXX executable cmTC_ebe57
/home/seal12/.local/share/JetBrains/Toolbox/apps/CLion/ch-0/212.5284.51/bin/cmake/linux/bin/cmake -E cmake_link_script CMakeFiles/cmTC_ebe57.dir/link.txt --verbose=1
/home/seal12/Downloads/clang+llvm-5.0.0-linux-x86_64-ubuntu16.04/bin/clang++  -v CMakeFiles/cmTC_ebe57.dir/CMakeCXXCompilerABI.cpp.o -o cmTC_ebe57 
clang version 5.0.0 (tags/RELEASE_500/final)
Target: x86_64-unknown-linux-gnu
Thread model: posix
InstalledDir: /home/seal12/Downloads/clang+llvm-5.0.0-linux-x86_64-ubuntu16.04/bin
Found candidate GCC installation: /usr/lib/gcc/x86_64-linux-gnu/8
Found candidate GCC installation: /usr/lib/gcc/x86_64-linux-gnu/9
Selected GCC installation: /usr/lib/gcc/x86_64-linux-gnu/9
Candidate multilib: .;@m64
Candidate multilib: 32;@m32
Candidate multilib: x32;@mx32
Selected multilib: .;@m64
Found CUDA installation: /usr/local/cuda, version 7.0
 "/usr/bin/ld" --eh-frame-hdr -m elf_x86_64 -dynamic-linker /lib64/ld-linux-x86-64.so.2 -o cmTC_ebe57 /usr/lib/gcc/x86_64-linux-gnu/9/../../../x86_64-linux-gnu/crt1.o /usr/lib/gcc/x86_64-linux-gnu/9/../../../x86_64-linux-gnu/crti.o /usr/lib/gcc/x86_64-linux-gnu/9/crtbegin.o -L/usr/lib/gcc/x86_64-linux-gnu/9 -L/usr/lib/gcc/x86_64-linux-gnu/9/../../../x86_64-linux-gnu -L/usr/lib/gcc/x86_64-linux-gnu/9/../../../../lib64 -L/lib/x86_64-linux-gnu -L/lib/../lib64 -L/usr/lib/x86_64-linux-gnu -L/usr/lib/../lib64 -L/usr/lib/x86_64-linux-gnu/../../lib64 -L/usr/lib/gcc/x86_64-linux-gnu/9/../../.. -L/home/seal12/Downloads/clang+llvm-5.0.0-linux-x86_64-ubuntu16.04/bin/../lib -L/lib -L/usr/lib CMakeFiles/cmTC_ebe57.dir/CMakeCXXCompilerABI.cpp.o -lstdc++ -lm -lgcc_s -lgcc -lc -lgcc_s -lgcc /usr/lib/gcc/x86_64-linux-gnu/9/crtend.o /usr/lib/gcc/x86_64-linux-gnu/9/../../../x86_64-linux-gnu/crtn.o
make[1]: Leaving directory '/home/seal12/Downloads/code-imitator-master/src/LibToolingAST/cmake-build-release/CMakeFiles/CMakeTmp'



Parsed CXX implicit include dir info from above output: rv=done
  found start of include info
  found start of implicit include info
    add: [/usr/lib/gcc/x86_64-linux-gnu/9/../../../../include/c++/9]
    add: [/usr/lib/gcc/x86_64-linux-gnu/9/../../../../include/x86_64-linux-gnu/c++/9]
    add: [/usr/lib/gcc/x86_64-linux-gnu/9/../../../../include/c++/9/backward]
    add: [/usr/local/include]
    add: [/home/seal12/Downloads/clang+llvm-5.0.0-linux-x86_64-ubuntu16.04/lib/clang/5.0.0/include]
    add: [/usr/include/x86_64-linux-gnu]
    add: [/usr/include]
  end of search list found
  collapse include dir [/usr/lib/gcc/x86_64-linux-gnu/9/../../../../include/c++/9] ==> [/usr/include/c++/9]
  collapse include dir [/usr/lib/gcc/x86_64-linux-gnu/9/../../../../include/x86_64-linux-gnu/c++/9] ==> [/usr/include/x86_64-linux-gnu/c++/9]
  collapse include dir [/usr/lib/gcc/x86_64-linux-gnu/9/../../../../include/c++/9/backward] ==> [/usr/include/c++/9/backward]
  collapse include dir [/usr/local/include] ==> [/usr/local/include]
  collapse include dir [/home/seal12/Downloads/clang+llvm-5.0.0-linux-x86_64-ubuntu16.04/lib/clang/5.0.0/include] ==> [/home/seal12/Downloads/clang+llvm-5.0.0-linux-x86_64-ubuntu16.04/lib/clang/5.0.0/include]
  collapse include dir [/usr/include/x86_64-linux-gnu] ==> [/usr/include/x86_64-linux-gnu]
  collapse include dir [/usr/include] ==> [/usr/include]
  implicit include dirs: [/usr/include/c++/9;/usr/include/x86_64-linux-gnu/c++/9;/usr/include/c++/9/backward;/usr/local/include;/home/seal12/Downloads/clang+llvm-5.0.0-linux-x86_64-ubuntu16.04/lib/clang/5.0.0/include;/usr/include/x86_64-linux-gnu;/usr/include]


Parsed CXX implicit link information from above output:
  link line regex: [^( *|.*[/\])(ld|CMAKE_LINK_STARTFILE-NOTFOUND|([^/\]+-)?ld|collect2)[^/\]*( |$)]
  ignore line: [Change Dir: /home/seal12/Downloads/code-imitator-master/src/LibToolingAST/cmake-build-release/CMakeFiles/CMakeTmp]
  ignore line: []
  ignore line: [Run Build Command(s):/usr/bin/make -f Makefile cmTC_ebe57/fast && /usr/bin/make  -f CMakeFiles/cmTC_ebe57.dir/build.make CMakeFiles/cmTC_ebe57.dir/build]
  ignore line: [make[1]: Entering directory '/home/seal12/Downloads/code-imitator-master/src/LibToolingAST/cmake-build-release/CMakeFiles/CMakeTmp']
  ignore line: [Building CXX object CMakeFiles/cmTC_ebe57.dir/CMakeCXXCompilerABI.cpp.o]
  ignore line: [/home/seal12/Downloads/clang+llvm-5.0.0-linux-x86_64-ubuntu16.04/bin/clang++   -v -MD -MT CMakeFiles/cmTC_ebe57.dir/CMakeCXXCompilerABI.cpp.o -MF CMakeFiles/cmTC_ebe57.dir/CMakeCXXCompilerABI.cpp.o.d -o CMakeFiles/cmTC_ebe57.dir/CMakeCXXCompilerABI.cpp.o -c /home/seal12/.local/share/JetBrains/Toolbox/apps/CLion/ch-0/212.5284.51/bin/cmake/linux/share/cmake-3.20/Modules/CMakeCXXCompilerABI.cpp]
  ignore line: [clang version 5.0.0 (tags/RELEASE_500/final)]
  ignore line: [Target: x86_64-unknown-linux-gnu]
  ignore line: [Thread model: posix]
  ignore line: [InstalledDir: /home/seal12/Downloads/clang+llvm-5.0.0-linux-x86_64-ubuntu16.04/bin]
  ignore line: [Found candidate GCC installation: /usr/lib/gcc/x86_64-linux-gnu/8]
  ignore line: [Found candidate GCC installation: /usr/lib/gcc/x86_64-linux-gnu/9]
  ignore line: [Selected GCC installation: /usr/lib/gcc/x86_64-linux-gnu/9]
  ignore line: [Candidate multilib: .]
  ignore line: [@m64]
  ignore line: [Candidate multilib: 32]
  ignore line: [@m32]
  ignore line: [Candidate multilib: x32]
  ignore line: [@mx32]
  ignore line: [Selected multilib: .]
  ignore line: [@m64]
  ignore line: [Found CUDA installation: /usr/local/cuda  version 7.0]
  ignore line: [ "/home/seal12/Downloads/clang+llvm-5.0.0-linux-x86_64-ubuntu16.04/bin/clang-5.0" -cc1 -triple x86_64-unknown-linux-gnu -emit-obj -mrelax-all -disable-free -disable-llvm-verifier -discard-value-names -main-file-name CMakeCXXCompilerABI.cpp -mrelocation-model static -mthread-model posix -mdisable-fp-elim -fmath-errno -masm-verbose -mconstructor-aliases -munwind-tables -fuse-init-array -target-cpu x86-64 -v -dwarf-column-info -debugger-tuning=gdb -coverage-notes-file /home/seal12/Downloads/code-imitator-master/src/LibToolingAST/cmake-build-release/CMakeFiles/CMakeTmp/CMakeFiles/cmTC_ebe57.dir/CMakeCXXCompilerABI.cpp.gcno -resource-dir /home/seal12/Downloads/clang+llvm-5.0.0-linux-x86_64-ubuntu16.04/lib/clang/5.0.0 -dependency-file CMakeFiles/cmTC_ebe57.dir/CMakeCXXCompilerABI.cpp.o.d -sys-header-deps -MT CMakeFiles/cmTC_ebe57.dir/CMakeCXXCompilerABI.cpp.o -internal-isystem /usr/lib/gcc/x86_64-linux-gnu/9/../../../../include/c++/9 -internal-isystem /usr/lib/gcc/x86_64-linux-gnu/9/../../../../include/x86_64-linux-gnu/c++/9 -internal-isystem /usr/lib/gcc/x86_64-linux-gnu/9/../../../../include/x86_64-linux-gnu/c++/9 -internal-isystem /usr/lib/gcc/x86_64-linux-gnu/9/../../../../include/c++/9/backward -internal-isystem /usr/local/include -internal-isystem /home/seal12/Downloads/clang+llvm-5.0.0-linux-x86_64-ubuntu16.04/lib/clang/5.0.0/include -internal-externc-isystem /usr/include/x86_64-linux-gnu -internal-externc-isystem /include -internal-externc-isystem /usr/include -fdeprecated-macro -fdebug-compilation-dir /home/seal12/Downloads/code-imitator-master/src/LibToolingAST/cmake-build-release/CMakeFiles/CMakeTmp -ferror-limit 19 -fmessage-length 0 -fobjc-runtime=gcc -fcxx-exceptions -fexceptions -fdiagnostics-show-option -o CMakeFiles/cmTC_ebe57.dir/CMakeCXXCompilerABI.cpp.o -x c++ /home/seal12/.local/share/JetBrains/Toolbox/apps/CLion/ch-0/212.5284.51/bin/cmake/linux/share/cmake-3.20/Modules/CMakeCXXCompilerABI.cpp]
  ignore line: [clang -cc1 version 5.0.0 based upon LLVM 5.0.0 default target x86_64-unknown-linux-gnu]
  ignore line: [ignoring nonexistent directory "/include"]
  ignore line: [ignoring duplicate directory "/usr/lib/gcc/x86_64-linux-gnu/9/../../../../include/x86_64-linux-gnu/c++/9"]
  ignore line: [#include "..." search starts here:]
  ignore line: [#include <...> search starts here:]
  ignore line: [ /usr/lib/gcc/x86_64-linux-gnu/9/../../../../include/c++/9]
  ignore line: [ /usr/lib/gcc/x86_64-linux-gnu/9/../../../../include/x86_64-linux-gnu/c++/9]
  ignore line: [ /usr/lib/gcc/x86_64-linux-gnu/9/../../../../include/c++/9/backward]
  ignore line: [ /usr/local/include]
  ignore line: [ /home/seal12/Downloads/clang+llvm-5.0.0-linux-x86_64-ubuntu16.04/lib/clang/5.0.0/include]
  ignore line: [ /usr/include/x86_64-linux-gnu]
  ignore line: [ /usr/include]
  ignore line: [End of search list.]
  ignore line: [Linking CXX executable cmTC_ebe57]
  ignore line: [/home/seal12/.local/share/JetBrains/Toolbox/apps/CLion/ch-0/212.5284.51/bin/cmake/linux/bin/cmake -E cmake_link_script CMakeFiles/cmTC_ebe57.dir/link.txt --verbose=1]
  ignore line: [/home/seal12/Downloads/clang+llvm-5.0.0-linux-x86_64-ubuntu16.04/bin/clang++  -v CMakeFiles/cmTC_ebe57.dir/CMakeCXXCompilerABI.cpp.o -o cmTC_ebe57 ]
  ignore line: [clang version 5.0.0 (tags/RELEASE_500/final)]
  ignore line: [Target: x86_64-unknown-linux-gnu]
  ignore line: [Thread model: posix]
  ignore line: [InstalledDir: /home/seal12/Downloads/clang+llvm-5.0.0-linux-x86_64-ubuntu16.04/bin]
  ignore line: [Found candidate GCC installation: /usr/lib/gcc/x86_64-linux-gnu/8]
  ignore line: [Found candidate GCC installation: /usr/lib/gcc/x86_64-linux-gnu/9]
  ignore line: [Selected GCC installation: /usr/lib/gcc/x86_64-linux-gnu/9]
  ignore line: [Candidate multilib: .]
  ignore line: [@m64]
  ignore line: [Candidate multilib: 32]
  ignore line: [@m32]
  ignore line: [Candidate multilib: x32]
  ignore line: [@mx32]
  ignore line: [Selected multilib: .]
  ignore line: [@m64]
  ignore line: [Found CUDA installation: /usr/local/cuda  version 7.0]
  link line: [ "/usr/bin/ld" --eh-frame-hdr -m elf_x86_64 -dynamic-linker /lib64/ld-linux-x86-64.so.2 -o cmTC_ebe57 /usr/lib/gcc/x86_64-linux-gnu/9/../../../x86_64-linux-gnu/crt1.o /usr/lib/gcc/x86_64-linux-gnu/9/../../../x86_64-linux-gnu/crti.o /usr/lib/gcc/x86_64-linux-gnu/9/crtbegin.o -L/usr/lib/gcc/x86_64-linux-gnu/9 -L/usr/lib/gcc/x86_64-linux-gnu/9/../../../x86_64-linux-gnu -L/usr/lib/gcc/x86_64-linux-gnu/9/../../../../lib64 -L/lib/x86_64-linux-gnu -L/lib/../lib64 -L/usr/lib/x86_64-linux-gnu -L/usr/lib/../lib64 -L/usr/lib/x86_64-linux-gnu/../../lib64 -L/usr/lib/gcc/x86_64-linux-gnu/9/../../.. -L/home/seal12/Downloads/clang+llvm-5.0.0-linux-x86_64-ubuntu16.04/bin/../lib -L/lib -L/usr/lib CMakeFiles/cmTC_ebe57.dir/CMakeCXXCompilerABI.cpp.o -lstdc++ -lm -lgcc_s -lgcc -lc -lgcc_s -lgcc /usr/lib/gcc/x86_64-linux-gnu/9/crtend.o /usr/lib/gcc/x86_64-linux-gnu/9/../../../x86_64-linux-gnu/crtn.o]
    arg [/usr/bin/ld] ==> ignore
    arg [--eh-frame-hdr] ==> ignore
    arg [-m] ==> ignore
    arg [elf_x86_64] ==> ignore
    arg [-dynamic-linker] ==> ignore
    arg [/lib64/ld-linux-x86-64.so.2] ==> ignore
    arg [-o] ==> ignore
    arg [cmTC_ebe57] ==> ignore
    arg [/usr/lib/gcc/x86_64-linux-gnu/9/../../../x86_64-linux-gnu/crt1.o] ==> obj [/usr/lib/gcc/x86_64-linux-gnu/9/../../../x86_64-linux-gnu/crt1.o]
    arg [/usr/lib/gcc/x86_64-linux-gnu/9/../../../x86_64-linux-gnu/crti.o] ==> obj [/usr/lib/gcc/x86_64-linux-gnu/9/../../../x86_64-linux-gnu/crti.o]
    arg [/usr/lib/gcc/x86_64-linux-gnu/9/crtbegin.o] ==> obj [/usr/lib/gcc/x86_64-linux-gnu/9/crtbegin.o]
    arg [-L/usr/lib/gcc/x86_64-linux-gnu/9] ==> dir [/usr/lib/gcc/x86_64-linux-gnu/9]
    arg [-L/usr/lib/gcc/x86_64-linux-gnu/9/../../../x86_64-linux-gnu] ==> dir [/usr/lib/gcc/x86_64-linux-gnu/9/../../../x86_64-linux-gnu]
    arg [-L/usr/lib/gcc/x86_64-linux-gnu/9/../../../../lib64] ==> dir [/usr/lib/gcc/x86_64-linux-gnu/9/../../../../lib64]
    arg [-L/lib/x86_64-linux-gnu] ==> dir [/lib/x86_64-linux-gnu]
    arg [-L/lib/../lib64] ==> dir [/lib/../lib64]
    arg [-L/usr/lib/x86_64-linux-gnu] ==> dir [/usr/lib/x86_64-linux-gnu]
    arg [-L/usr/lib/../lib64] ==> dir [/usr/lib/../lib64]
    arg [-L/usr/lib/x86_64-linux-gnu/../../lib64] ==> dir [/usr/lib/x86_64-linux-gnu/../../lib64]
    arg [-L/usr/lib/gcc/x86_64-linux-gnu/9/../../..] ==> dir [/usr/lib/gcc/x86_64-linux-gnu/9/../../..]
    arg [-L/home/seal12/Downloads/clang+llvm-5.0.0-linux-x86_64-ubuntu16.04/bin/../lib] ==> dir [/home/seal12/Downloads/clang+llvm-5.0.0-linux-x86_64-ubuntu16.04/bin/../lib]
    arg [-L/lib] ==> dir [/lib]
    arg [-L/usr/lib] ==> dir [/usr/lib]
    arg [CMakeFiles/cmTC_ebe57.dir/CMakeCXXCompilerABI.cpp.o] ==> ignore
    arg [-lstdc++] ==> lib [stdc++]
    arg [-lm] ==> lib [m]
    arg [-lgcc_s] ==> lib [gcc_s]
    arg [-lgcc] ==> lib [gcc]
    arg [-lc] ==> lib [c]
    arg [-lgcc_s] ==> lib [gcc_s]
    arg [-lgcc] ==> lib [gcc]
    arg [/usr/lib/gcc/x86_64-linux-gnu/9/crtend.o] ==> obj [/usr/lib/gcc/x86_64-linux-gnu/9/crtend.o]
    arg [/usr/lib/gcc/x86_64-linux-gnu/9/../../../x86_64-linux-gnu/crtn.o] ==> obj [/usr/lib/gcc/x86_64-linux-gnu/9/../../../x86_64-linux-gnu/crtn.o]
  collapse obj [/usr/lib/gcc/x86_64-linux-gnu/9/../../../x86_64-linux-gnu/crt1.o] ==> [/usr/lib/x86_64-linux-gnu/crt1.o]
  collapse obj [/usr/lib/gcc/x86_64-linux-gnu/9/../../../x86_64-linux-gnu/crti.o] ==> [/usr/lib/x86_64-linux-gnu/crti.o]
  collapse obj [/usr/lib/gcc/x86_64-linux-gnu/9/../../../x86_64-linux-gnu/crtn.o] ==> [/usr/lib/x86_64-linux-gnu/crtn.o]
  collapse library dir [/usr/lib/gcc/x86_64-linux-gnu/9] ==> [/usr/lib/gcc/x86_64-linux-gnu/9]
  collapse library dir [/usr/lib/gcc/x86_64-linux-gnu/9/../../../x86_64-linux-gnu] ==> [/usr/lib/x86_64-linux-gnu]
  collapse library dir [/usr/lib/gcc/x86_64-linux-gnu/9/../../../../lib64] ==> [/usr/lib64]
  collapse library dir [/lib/x86_64-linux-gnu] ==> [/lib/x86_64-linux-gnu]
  collapse library dir [/lib/../lib64] ==> [/lib64]
  collapse library dir [/usr/lib/x86_64-linux-gnu] ==> [/usr/lib/x86_64-linux-gnu]
  collapse library dir [/usr/lib/../lib64] ==> [/usr/lib64]
  collapse library dir [/usr/lib/x86_64-linux-gnu/../../lib64] ==> [/usr/lib64]
  collapse library dir [/usr/lib/gcc/x86_64-linux-gnu/9/../../..] ==> [/usr/lib]
  collapse library dir [/home/seal12/Downloads/clang+llvm-5.0.0-linux-x86_64-ubuntu16.04/bin/../lib] ==> [/home/seal12/Downloads/clang+llvm-5.0.0-linux-x86_64-ubuntu16.04/lib]
  collapse library dir [/lib] ==> [/lib]
  collapse library dir [/usr/lib] ==> [/usr/lib]
  implicit libs: [stdc++;m;gcc_s;gcc;c;gcc_s;gcc]
  implicit objs: [/usr/lib/x86_64-linux-gnu/crt1.o;/usr/lib/x86_64-linux-gnu/crti.o;/usr/lib/gcc/x86_64-linux-gnu/9/crtbegin.o;/usr/lib/gcc/x86_64-linux-gnu/9/crtend.o;/usr/lib/x86_64-linux-gnu/crtn.o]
  implicit dirs: [/usr/lib/gcc/x86_64-linux-gnu/9;/usr/lib/x86_64-linux-gnu;/usr/lib64;/lib/x86_64-linux-gnu;/lib64;/usr/lib;/home/seal12/Downloads/clang+llvm-5.0.0-linux-x86_64-ubuntu16.04/lib;/lib]
  implicit fwks: []


